<?xml version="1.0" encoding="UTF-8"?>
<!-- Generated by org.testng.reporters.JUnitXMLReporter -->
<testsuite hostname="DESKTOP-H88NH5A" ignored="0" name="Command line test" tests="1" failures="0" timestamp="09 Jan 2018 19:48:26 GMT" time="6.129" errors="0">
  <testcase name="@AfterTest tearDown" time="0.0" classname="way2automation.AppTest">
    <failure type="java.lang.NullPointerException">
      <![CDATA[java.lang.NullPointerException
	at way2automation.AppTest.tearDown(AppTest.java:31)
... Removed 32 stack frames]]>
    </failure>
  </testcase> <!-- @AfterTest tearDown -->
  <testcase name="testLogin" time="6.102" classname="way2automation.AppTest"/>
</testsuite> <!-- Command line test -->
