<?xml version="1.0" encoding="UTF-8" ?>
<testsuite tests="2" failures="1" name="way2automation.AppTest" time="12.209" errors="0" skipped="0">
  <properties>
[...]
</properties>
  <testcase classname="way2automation.AppTest" name="testLogin" time="6.103"/>
  <testcase classname="way2automation.AppTest" name="tearDown" time="6.106">
    <failure type="java.lang.NullPointerException">java.lang.NullPointerException
	at way2automation.AppTest.tearDown(AppTest.java:31)
</failure>
  </testcase>
</testsuite>