-------------------------------------------------------------------------------
Test set: way2automation.AppTest
-------------------------------------------------------------------------------
Tests run: 2, Failures: 1, Errors: 0, Skipped: 0, Time elapsed: 8.34 sec <<< FAILURE!
tearDown(way2automation.AppTest)  Time elapsed: 6.106 sec  <<< FAILURE!
java.lang.NullPointerException
	at way2automation.AppTest.tearDown(AppTest.java:31)

