<?xml version="1.0" encoding="UTF-8"?>
<testng-results skipped="0" failed="0" ignored="0" total="1" passed="1">
  <reporter-output>
  </reporter-output>
  <suite name="Default suite" duration-ms="6254" started-at="2018-01-08T22:05:26Z" finished-at="2018-01-08T22:05:32Z">
    <groups>
    </groups>
    <test name="Default test" duration-ms="6254" started-at="2018-01-08T22:05:26Z" finished-at="2018-01-08T22:05:32Z">
      <class name="way2automation.AppTest">
        <test-method status="PASS" signature="testLogin()[pri:0, instance:way2automation.AppTest@464bee09]" name="testLogin" duration-ms="6229" started-at="2018-01-08T16:05:26Z" finished-at="2018-01-08T16:05:32Z">
          <reporter-output>
          </reporter-output>
        </test-method> <!-- testLogin -->
      </class> <!-- way2automation.AppTest -->
    </test> <!-- Default test -->
  </suite> <!-- Default suite -->
</testng-results>
